TN:
SF:src/Locke.sol
FN:116,Stream.updateStreamInternal
FN:266,Stream.tokenAmounts
FN:274,Stream.streamParams
FN:278,Stream.lastApplicableTime
FN:290,Stream.rewardPerToken
FN:311,Stream.dilutedBalance
FN:327,Stream.getEarned
FN:332,Stream.earned
FN:350,Stream.fundStream
FN:388,Stream.stake
FN:392,Stream._stake
FN:445,Stream.withdraw
FN:455,Stream._withdraw
FN:506,Stream.exit
FN:522,Stream.createIncentive
FN:552,Stream.claimIncentive
FN:575,Stream.claimDepositTokens
FN:604,Stream.claimReward
FN:654,Stream.creatorClaim
FN:717,Stream.recoverTokens
FN:775,Stream.flashloan
FNDA:11421,Stream.tokenAmounts
FNDA:3887,Stream._withdraw
FNDA:567,Stream.exit
FNDA:267,Stream.creatorClaim
FNDA:3322,Stream.withdraw
FNDA:15885,Stream.streamParams
FNDA:3,Stream.rewardPerToken
FNDA:261,Stream.claimDepositTokens
FNDA:280,Stream.fundStream
FNDA:5960,Stream.earned
FNDA:4,Stream.claimIncentive
FNDA:771,Stream.recoverTokens
FNDA:273,Stream.claimReward
FNDA:1322,Stream.stake
FNDA:2,Stream.flashloan
FNDA:5184,Stream.lastApplicableTime
FNDA:6,Stream.createIncentive
FNDA:1324,Stream._stake
FNDA:768,Stream.getEarned
FNDA:5208,Stream.dilutedBalance
FNDA:5218,Stream.updateStreamInternal
FNF:21
FNH:21
DA:117,5218
DA:118,1
DA:120,5217
DA:122,5217
DA:123,295
DA:124,289
DA:133,4922
DA:136,4922
DA:137,1033
DA:141,4922
DA:144,4922
DA:146,4922
DA:152,4922
DA:154,4922
DA:157,3571
DA:164,3569
DA:166,3571
DA:172,4922
DA:174,4922
DA:175,4414
DA:178,726
DA:180,4414
DA:185,3661
DA:190,4922
DA:267,11421
DA:275,15885
DA:279,5184
DA:280,4666
DA:281,18
DA:283,4648
DA:286,518
DA:291,5961
DA:292,777
DA:295,5184
DA:304,5184
DA:307,5184
DA:313,5208
DA:317,5208
DA:321,5208
DA:324,5208
DA:328,768
DA:329,768
DA:333,5960
DA:337,5960
DA:342,5960
DA:343,5960
DA:351,280
DA:352,1
DA:354,279
DA:355,1
DA:359,278
DA:360,278
DA:361,278
DA:362,278
DA:363,0
DA:366,278
DA:370,278
DA:374,278
DA:378,278
DA:380,278
DA:389,1321
DA:393,1324
DA:394,1
DA:397,1323
DA:398,0
DA:405,1323
DA:406,1323
DA:407,1323
DA:408,1323
DA:409,1
DA:412,1322
DA:416,1322
DA:419,1322
DA:421,1322
DA:423,1322
DA:424,1322
DA:426,1322
DA:427,1322
DA:428,1322
DA:429,1322
DA:431,1322
DA:433,1314
DA:436,1322
DA:446,3322
DA:447,3322
DA:448,3322
DA:449,1
DA:452,3321
DA:456,3887
DA:457,1
DA:460,3886
DA:462,3886
DA:463,3886
DA:467,3886
DA:470,573
DA:471,573
DA:472,573
DA:473,573
DA:475,3313
DA:476,3313
DA:479,3886
DA:484,3886
DA:485,284
DA:487,3602
DA:490,3886
DA:491,3885
DA:495,3886
DA:497,3886
DA:510,567
DA:511,567
DA:512,567
DA:513,1
DA:515,566
DA:523,6
DA:524,1
DA:526,5
DA:527,1
DA:530,4
DA:531,4
DA:532,4
DA:533,4
DA:534,0
DA:537,4
DA:539,4
DA:541,4
DA:542,4
DA:543,4
DA:545,4
DA:546,4
DA:554,4
DA:555,1
DA:558,3
DA:559,1
DA:561,2
DA:562,2
DA:563,1
DA:566,1
DA:567,1
DA:568,1
DA:576,261
DA:577,1
DA:581,260
DA:582,1
DA:586,259
DA:587,1
DA:591,258
DA:593,258
DA:596,258
DA:598,258
DA:605,273
DA:606,1
DA:609,272
DA:610,272
DA:611,2
DA:612,2
DA:613,2
DA:615,270
DA:617,270
DA:618,266
DA:622,270
DA:628,270
DA:631,270
DA:632,270
DA:633,1
DA:636,270
DA:639,272
DA:640,1
DA:643,271
DA:646,271
DA:648,271
DA:656,267
DA:657,1
DA:660,266
DA:661,1
DA:664,265
DA:665,1
DA:668,264
DA:669,264
DA:671,2
DA:674,2
DA:675,0
DA:679,2
DA:683,264
DA:684,264
DA:685,264
DA:686,264
DA:687,4
DA:690,264
DA:693,264
DA:694,2
DA:695,2
DA:697,2
DA:699,2
DA:720,771
DA:721,0
DA:723,771
DA:724,256
DA:725,0
DA:729,256
DA:731,256
DA:733,256
DA:734,256
DA:737,515
DA:738,259
DA:739,1
DA:749,258
DA:750,258
DA:752,258
DA:753,258
DA:756,256
DA:757,0
DA:758,0
DA:760,0
DA:761,0
DA:762,0
DA:763,0
DA:767,256
DA:768,256
DA:769,256
DA:776,2
DA:777,1
DA:780,1
DA:782,1
DA:786,1
DA:788,1
DA:792,1
DA:793,0
DA:796,1
LF:228
LH:215
end_of_record
TN:
SF:src/LockeERC20.sol
FN:15,DateTime.toString
FN:40,DateTime._monthToString
FN:67,DateTime.daysToDate
FN:171,LockeERC20.transferStartTime
FN:175,LockeERC20.approve
FN:183,LockeERC20.transfer
FN:197,LockeERC20.transferFrom
FN:224,LockeERC20.permit
FN:250,LockeERC20.DOMAIN_SEPARATOR
FN:254,LockeERC20.computeDomainSeparator
FN:270,LockeERC20._mint
FN:282,LockeERC20._burn
FNDA:0,LockeERC20.DOMAIN_SEPARATOR
FNDA:0,LockeERC20.transfer
FNDA:0,LockeERC20.permit
FNDA:0,LockeERC20.transferFrom
FNDA:6,DateTime.toString
FNDA:0,LockeERC20.approve
FNDA:3,DateTime._monthToString
FNDA:2,LockeERC20.transferStartTime
FNDA:0,LockeERC20.computeDomainSeparator
FNDA:4143,LockeERC20._burn
FNDA:1314,LockeERC20._mint
FNDA:3,DateTime.daysToDate
FNF:12
FNH:6
DA:16,12
DA:17,4
DA:20,8
DA:21,8
DA:23,25
DA:27,17
DA:28,17
DA:33,8
DA:37,8
DA:63,3
DA:68,3
DA:70,3
DA:71,3
DA:72,3
DA:73,3
DA:74,3
DA:75,3
DA:76,3
DA:77,3
DA:78,3
DA:79,3
DA:81,3
DA:172,2
DA:176,0
DA:178,0
DA:180,0
DA:184,0
DA:189,0
DA:192,0
DA:194,0
DA:203,0
DA:204,0
DA:207,0
DA:212,0
DA:215,0
DA:217,0
DA:228,0
DA:233,0
DA:241,0
DA:242,0
DA:244,0
DA:247,0
DA:251,0
DA:255,0
DA:271,1314
DA:276,1314
DA:279,1314
DA:283,4143
DA:288,4143
DA:291,4143
LF:50
LH:29
end_of_record
TN:
SF:src/LockeFactory.sol
FN:114,StreamFactory.createStream
FNDA:13,StreamFactory.createStream
FNF:1
FNH:1
DA:56,7
DA:57,1
DA:60,6
DA:63,2
DA:66,4
DA:69,2
DA:73,2
DA:74,2
DA:75,2
DA:77,2
DA:92,2
DA:96,2
DA:98,2
DA:99,0
DA:102,2
DA:104,2
DA:127,6
DA:128,1
DA:131,5
DA:134,2
DA:137,3
DA:140,2
DA:144,1
DA:146,1
DA:163,1
DA:167,1
DA:170,1
DA:171,0
DA:174,1
DA:175,1
DA:176,1
LF:31
LH:29
end_of_record
TN:
SF:src/LockeLens.sol
FN:11,LockeLens.currDepositTokensNotYetStreamed
FN:50,LockeLens.rewardsRemainingToAllocate
FN:71,LockeLens.currUnstreamed
FN:93,LockeLens.unrewardedTokens
FNDA:0,LockeLens.rewardsRemainingToAllocate
FNDA:15874,LockeLens.currDepositTokensNotYetStreamed
FNDA:9,LockeLens.currUnstreamed
FNDA:0,LockeLens.unrewardedTokens
FNF:4
FNH:2
DA:13,15874
DA:14,15874
DA:15,15874
DA:16,0
DA:19,15874
DA:21,15874
DA:22,0
DA:25,15874
DA:27,15874
DA:31,14422
DA:36,14241
DA:38,181
DA:41,1452
DA:51,0
DA:52,0
DA:53,0
DA:55,0
DA:57,0
DA:58,0
DA:60,0
DA:61,0
DA:64,0
DA:72,9
DA:73,9
DA:75,9
DA:76,5
DA:79,4
DA:80,4
DA:81,0
DA:84,4
DA:85,4
DA:86,4
DA:94,0
DA:95,0
DA:96,0
DA:97,0
DA:98,0
DA:99,0
LF:38
LH:20
end_of_record
TN:
SF:src/MerkleLocke.sol
FN:9,MerkleProof.verify
FN:13,MerkleProof.processProof
FN:28,MerkleProof._efficientHash
FN:75,MerkleStream.stake
FNDA:0,MerkleProof._efficientHash
FNDA:0,MerkleProof.processProof
FNDA:5,MerkleStream.stake
FNDA:0,MerkleProof.verify
FNF:4
FNH:1
DA:10,0
DA:14,0
DA:15,0
DA:16,0
DA:17,0
DA:19,0
DA:22,0
DA:25,0
DA:32,0
DA:68,3
DA:69,1
DA:71,2
DA:72,2
DA:76,2
DA:77,1
DA:79,1
LF:16
LH:7
end_of_record
TN:
SF:src/SharedState.sol
FN:17,SharedState.underlying
FN:21,SharedState.maturity
FNDA:2,SharedState.underlying
FNDA:3,SharedState.maturity
FNF:2
FNH:2
DA:18,2
DA:22,3
LF:2
LH:2
end_of_record
