TN:
SF:src/Locke.sol
FN:116,Stream.updateStreamInternal
FNDA:5218,Stream.updateStreamInternal
DA:117,5218
BRDA:117,0,0,1
BRDA:117,0,1,5217
DA:118,1
DA:120,5217
DA:122,5217
BRDA:122,1,0,289
BRDA:122,1,1,295
DA:123,295
BRDA:123,2,0,289
BRDA:123,2,1,295
DA:124,289
DA:133,4922
DA:136,4922
BRDA:136,3,0,1033
BRDA:136,3,1,4922
DA:137,1033
DA:141,4922
DA:144,4922
DA:146,4922
DA:152,4922
DA:154,4922
BRDA:154,4,0,-
BRDA:154,4,1,3569
DA:157,3571
BRDA:157,5,0,-
BRDA:157,5,1,3569
DA:164,3569
DA:166,3571
DA:172,4922
DA:174,4922
BRDA:174,6,0,-
BRDA:174,6,1,3661
DA:175,4414
BRDA:175,7,0,726
BRDA:175,7,1,4414
DA:178,726
DA:180,4414
BRDA:180,8,0,-
BRDA:180,8,1,3661
DA:185,3661
DA:190,4922
FN:266,Stream.tokenAmounts
FNDA:11421,Stream.tokenAmounts
DA:267,11421
FN:274,Stream.streamParams
FNDA:15885,Stream.streamParams
DA:275,15885
FN:278,Stream.lastApplicableTime
FNDA:5184,Stream.lastApplicableTime
DA:279,5184
BRDA:279,9,0,18
BRDA:279,9,1,4648
DA:280,4666
BRDA:280,10,0,18
BRDA:280,10,1,4648
DA:281,18
DA:283,4648
DA:286,518
FN:290,Stream.rewardPerToken
FNDA:3,Stream.rewardPerToken
DA:291,5961
BRDA:291,11,0,777
BRDA:291,11,1,5184
DA:292,777
DA:295,5184
DA:304,5184
DA:307,5184
FN:311,Stream.dilutedBalance
FNDA:5208,Stream.dilutedBalance
DA:313,5208
DA:317,5208
DA:321,5208
DA:324,5208
FN:327,Stream.getEarned
FNDA:768,Stream.getEarned
DA:328,768
DA:329,768
FN:332,Stream.earned
FNDA:5960,Stream.earned
DA:333,5960
DA:337,5960
DA:342,5960
DA:343,5960
FN:350,Stream.fundStream
FNDA:280,Stream.fundStream
DA:351,280
BRDA:351,12,0,1
BRDA:351,12,1,279
DA:352,1
DA:354,279
BRDA:354,13,0,1
BRDA:354,13,1,278
DA:355,1
DA:359,278
DA:360,278
DA:361,278
DA:362,278
BRDA:362,14,0,-
BRDA:362,14,1,278
DA:363,0
DA:366,278
DA:370,278
DA:374,278
DA:378,278
DA:380,278
FN:388,Stream.stake
FNDA:1322,Stream.stake
DA:389,1321
FN:392,Stream._stake
FNDA:1324,Stream._stake
DA:393,1324
BRDA:393,15,0,1
BRDA:393,15,1,1323
DA:394,1
DA:397,1323
BRDA:397,16,0,-
BRDA:397,16,1,1323
DA:398,0
DA:405,1323
DA:406,1323
DA:407,1323
DA:408,1323
BRDA:408,17,0,1
BRDA:408,17,1,1322
DA:409,1
DA:412,1322
DA:416,1322
DA:419,1322
DA:421,1322
DA:423,1322
DA:424,1322
DA:426,1322
DA:427,1322
DA:428,1322
DA:429,1322
DA:431,1322
BRDA:431,18,0,1314
BRDA:431,18,1,1322
DA:433,1314
DA:436,1322
FN:445,Stream.withdraw
FNDA:3322,Stream.withdraw
DA:446,3322
DA:447,3322
DA:448,3322
BRDA:448,19,0,1
BRDA:448,19,1,3321
DA:449,1
DA:452,3321
FN:455,Stream._withdraw
FNDA:3887,Stream._withdraw
DA:456,3887
BRDA:456,20,0,1
BRDA:456,20,1,3886
DA:457,1
DA:460,3886
DA:462,3886
DA:463,3886
DA:467,3886
BRDA:467,21,0,573
BRDA:467,21,1,3313
DA:470,573
DA:471,573
DA:472,573
DA:473,573
DA:475,3313
DA:476,3313
DA:479,3886
DA:484,3886
BRDA:484,22,0,284
BRDA:484,22,1,3602
DA:485,284
DA:487,3602
DA:490,3886
BRDA:490,23,0,3885
BRDA:490,23,1,3886
DA:491,3885
DA:495,3886
DA:497,3886
FN:506,Stream.exit
FNDA:567,Stream.exit
DA:510,567
DA:511,567
DA:512,567
BRDA:512,24,0,1
BRDA:512,24,1,566
DA:513,1
DA:515,566
FN:522,Stream.createIncentive
FNDA:6,Stream.createIncentive
DA:523,6
BRDA:523,25,0,1
BRDA:523,25,1,5
DA:524,1
DA:526,5
BRDA:526,26,0,1
BRDA:526,26,1,4
DA:527,1
DA:530,4
DA:531,4
DA:532,4
DA:533,4
BRDA:533,27,0,-
BRDA:533,27,1,4
DA:534,0
DA:537,4
DA:539,4
DA:541,4
DA:542,4
BRDA:542,28,0,4
BRDA:542,28,1,4
DA:543,4
DA:545,4
DA:546,4
FN:552,Stream.claimIncentive
FNDA:4,Stream.claimIncentive
DA:554,4
BRDA:554,29,0,1
BRDA:554,29,1,3
DA:555,1
DA:558,3
BRDA:558,30,0,1
BRDA:558,30,1,2
DA:559,1
DA:561,2
DA:562,2
BRDA:562,31,0,1
BRDA:562,31,1,1
DA:563,1
DA:566,1
DA:567,1
DA:568,1
FN:575,Stream.claimDepositTokens
FNDA:261,Stream.claimDepositTokens
DA:576,261
BRDA:576,32,0,1
BRDA:576,32,1,260
DA:577,1
DA:581,260
BRDA:581,33,0,1
BRDA:581,33,1,259
DA:582,1
DA:586,259
BRDA:586,34,0,1
BRDA:586,34,1,258
DA:587,1
DA:591,258
DA:593,258
DA:596,258
DA:598,258
FN:604,Stream.claimReward
FNDA:273,Stream.claimReward
DA:605,273
BRDA:605,35,0,1
BRDA:605,35,1,272
DA:606,1
DA:609,272
DA:610,272
BRDA:610,36,0,2
BRDA:610,36,1,270
DA:611,2
DA:612,2
DA:613,2
DA:615,270
DA:617,270
BRDA:617,37,0,266
BRDA:617,37,1,270
DA:618,266
DA:622,270
DA:628,270
DA:631,270
DA:632,270
BRDA:632,38,0,1
BRDA:632,38,1,270
DA:633,1
DA:636,270
DA:639,272
BRDA:639,39,0,1
BRDA:639,39,1,271
DA:640,1
DA:643,271
DA:646,271
DA:648,271
FN:654,Stream.creatorClaim
FNDA:267,Stream.creatorClaim
DA:656,267
BRDA:656,40,0,1
BRDA:656,40,1,266
DA:657,1
DA:660,266
BRDA:660,41,0,1
BRDA:660,41,1,265
DA:661,1
DA:664,265
BRDA:664,42,0,1
BRDA:664,42,1,264
DA:665,1
DA:668,264
DA:669,264
BRDA:669,43,0,-
BRDA:669,43,1,2
DA:671,2
DA:674,2
BRDA:674,44,0,-
BRDA:674,44,1,2
DA:675,0
DA:679,2
DA:683,264
DA:684,264
DA:685,264
DA:686,264
BRDA:686,45,0,4
BRDA:686,45,1,264
DA:687,4
DA:690,264
DA:693,264
BRDA:693,46,0,2
BRDA:693,46,1,264
DA:694,2
DA:695,2
DA:697,2
DA:699,2
FN:717,Stream.recoverTokens
FNDA:771,Stream.recoverTokens
DA:720,771
BRDA:720,47,0,-
BRDA:720,47,1,771
DA:721,0
DA:723,771
BRDA:723,48,0,-
BRDA:723,48,1,256
DA:724,256
BRDA:724,49,0,-
BRDA:724,49,1,256
DA:725,0
DA:729,256
DA:731,256
DA:733,256
DA:734,256
DA:737,515
BRDA:737,50,0,-
BRDA:737,50,1,258
DA:738,259
BRDA:738,51,0,1
BRDA:738,51,1,258
DA:739,1
DA:749,258
DA:750,258
DA:752,258
DA:753,258
DA:756,256
BRDA:756,52,0,-
BRDA:756,52,1,-
DA:757,0
BRDA:757,53,0,-
BRDA:757,53,1,-
DA:758,0
DA:760,0
DA:761,0
DA:762,0
DA:763,0
DA:767,256
DA:768,256
DA:769,256
FN:775,Stream.flashloan
FNDA:2,Stream.flashloan
DA:776,2
BRDA:776,54,0,1
BRDA:776,54,1,1
DA:777,1
DA:780,1
DA:782,1
DA:786,1
DA:788,1
DA:792,1
BRDA:792,55,0,-
BRDA:792,55,1,1
DA:793,0
DA:796,1
FNF:21
FNH:21
LF:228
LH:215
BRF:112
BRH:94
end_of_record
TN:
SF:src/LockeERC20.sol
FN:15,DateTime.toString
FNDA:6,DateTime.toString
DA:16,12
BRDA:16,0,0,4
BRDA:16,0,1,8
DA:17,4
DA:20,8
DA:21,8
DA:23,25
DA:27,17
DA:28,17
DA:33,8
DA:37,8
FN:40,DateTime._monthToString
FNDA:3,DateTime._monthToString
DA:63,3
FN:67,DateTime.daysToDate
FNDA:3,DateTime.daysToDate
DA:68,3
DA:70,3
DA:71,3
DA:72,3
DA:73,3
DA:74,3
DA:75,3
DA:76,3
DA:77,3
DA:78,3
DA:79,3
DA:81,3
FN:171,LockeERC20.transferStartTime
FNDA:2,LockeERC20.transferStartTime
DA:172,2
FN:175,LockeERC20.approve
FNDA:0,LockeERC20.approve
DA:176,0
DA:178,0
DA:180,0
FN:183,LockeERC20.transfer
FNDA:0,LockeERC20.transfer
DA:184,0
DA:189,0
DA:192,0
DA:194,0
FN:197,LockeERC20.transferFrom
FNDA:0,LockeERC20.transferFrom
DA:203,0
BRDA:203,0,0,-
BRDA:203,0,1,-
DA:204,0
DA:207,0
DA:212,0
DA:215,0
DA:217,0
FN:224,LockeERC20.permit
FNDA:0,LockeERC20.permit
DA:228,0
BRDA:228,1,0,-
BRDA:228,1,1,-
DA:233,0
DA:241,0
DA:242,0
BRDA:242,2,0,-
BRDA:242,2,1,-
DA:244,0
DA:247,0
FN:250,LockeERC20.DOMAIN_SEPARATOR
FNDA:0,LockeERC20.DOMAIN_SEPARATOR
DA:251,0
FN:254,LockeERC20.computeDomainSeparator
FNDA:0,LockeERC20.computeDomainSeparator
DA:255,0
FN:270,LockeERC20._mint
FNDA:1314,LockeERC20._mint
DA:271,1314
DA:276,1314
DA:279,1314
FN:282,LockeERC20._burn
FNDA:4143,LockeERC20._burn
DA:283,4143
DA:288,4143
DA:291,4143
FNF:12
FNH:6
LF:50
LH:29
BRF:8
BRH:2
end_of_record
TN:
SF:src/LockeFactory.sol
FN:44,StreamFactory.createStream
FNDA:7,StreamFactory.createStream
DA:56,7
BRDA:56,0,0,1
BRDA:56,0,1,6
DA:57,1
DA:60,6
BRDA:59,1,0,2
BRDA:59,1,1,4
DA:63,2
DA:66,4
BRDA:65,2,0,2
BRDA:65,2,1,2
DA:69,2
DA:73,2
DA:74,2
DA:75,2
DA:77,2
DA:92,2
DA:96,2
DA:98,2
BRDA:98,3,0,-
BRDA:98,3,1,2
DA:99,0
DA:102,2
DA:104,2
FN:114,StreamFactory.createStream
FNDA:6,StreamFactory.createStream
DA:127,6
BRDA:127,4,0,1
BRDA:127,4,1,5
DA:128,1
DA:131,5
BRDA:130,5,0,2
BRDA:130,5,1,3
DA:134,2
DA:137,3
BRDA:136,6,0,2
BRDA:136,6,1,1
DA:140,2
DA:144,1
DA:146,1
DA:163,1
DA:167,1
DA:170,1
BRDA:170,7,0,-
BRDA:170,7,1,1
DA:171,0
DA:174,1
DA:175,1
DA:176,1
FNF:2
FNH:2
LF:31
LH:29
BRF:16
BRH:14
end_of_record
TN:
SF:src/LockeLens.sol
FN:11,LockeLens.currDepositTokensNotYetStreamed
FNDA:15874,LockeLens.currDepositTokensNotYetStreamed
DA:13,15874
DA:14,15874
DA:15,15874
BRDA:15,0,0,-
BRDA:15,0,1,15874
DA:16,0
DA:19,15874
DA:21,15874
BRDA:21,1,0,-
BRDA:21,1,1,-
DA:22,0
DA:25,15874
DA:27,15874
BRDA:27,2,0,-
BRDA:27,2,1,14241
DA:31,14422
BRDA:31,3,0,-
BRDA:31,3,1,14241
DA:36,14241
DA:38,181
DA:41,1452
FN:50,LockeLens.rewardsRemainingToAllocate
FNDA:0,LockeLens.rewardsRemainingToAllocate
DA:51,0
DA:52,0
DA:53,0
DA:55,0
DA:57,0
BRDA:57,4,0,-
BRDA:57,4,1,-
DA:58,0
DA:60,0
BRDA:60,5,0,-
BRDA:60,5,1,-
DA:61,0
DA:64,0
FN:71,LockeLens.currUnstreamed
FNDA:9,LockeLens.currUnstreamed
DA:72,9
DA:73,9
DA:75,9
BRDA:75,6,0,5
BRDA:75,6,1,4
DA:76,5
DA:79,4
DA:80,4
BRDA:80,7,0,-
BRDA:80,7,1,4
DA:81,0
DA:84,4
DA:85,4
DA:86,4
FN:93,LockeLens.unrewardedTokens
FNDA:0,LockeLens.unrewardedTokens
DA:94,0
DA:95,0
DA:96,0
DA:97,0
DA:98,0
DA:99,0
FNF:4
FNH:2
LF:38
LH:20
BRF:16
BRH:6
end_of_record
TN:
SF:src/MerkleLocke.sol
FN:9,MerkleProof.verify
FNDA:0,MerkleProof.verify
DA:10,0
FN:13,MerkleProof.processProof
FNDA:0,MerkleProof.processProof
DA:14,0
DA:15,0
DA:16,0
DA:17,0
BRDA:17,0,0,-
BRDA:17,0,1,-
DA:19,0
DA:22,0
DA:25,0
FN:28,MerkleProof._efficientHash
FNDA:0,MerkleProof._efficientHash
DA:32,0
FN:67,MerkleStream.stake
FNDA:3,MerkleStream.stake
DA:68,3
BRDA:68,0,0,1
BRDA:68,0,1,2
DA:69,1
DA:71,2
DA:72,2
FN:75,MerkleStream.stake
FNDA:2,MerkleStream.stake
DA:76,2
BRDA:76,1,0,1
BRDA:76,1,1,1
DA:77,1
DA:79,1
FNF:5
FNH:2
LF:16
LH:7
BRF:6
BRH:4
end_of_record
TN:
SF:src/SharedState.sol
FN:17,SharedState.underlying
FNDA:2,SharedState.underlying
DA:18,2
FN:21,SharedState.maturity
FNDA:3,SharedState.maturity
DA:22,3
FNF:2
FNH:2
LF:2
LH:2
BRF:0
BRH:0
end_of_record
TN:
SF:test/Invariants.t.sol
FN:23,Time.advanceTime
FNDA:0,Time.advanceTime
DA:24,0
FN:46,User.writeBalanceOf
FNDA:0,User.writeBalanceOf
DA:47,0
FN:50,User.stake
FNDA:0,User.stake
DA:51,0
DA:52,0
DA:53,0
DA:54,0
FN:57,User.withdraw
FNDA:0,User.withdraw
DA:58,0
FN:61,User.exit
FNDA:0,User.exit
DA:62,0
FN:65,User.fundStream
FNDA:0,User.fundStream
DA:66,0
DA:67,0
DA:68,0
DA:69,0
FN:72,User.creatorClaim
FNDA:0,User.creatorClaim
DA:73,0
FN:76,User.recoverTokens
FNDA:0,User.recoverTokens
DA:77,0
FN:80,User.claimReward
FNDA:0,User.claimReward
DA:81,0
FN:94,Invariants.use
FNDA:0,Invariants.use
DA:95,0
DA:96,0
FN:99,Invariants.creatorClaim
FNDA:0,Invariants.creatorClaim
DA:100,0
DA:101,0
FN:104,Invariants.recoverTokens
FNDA:0,Invariants.recoverTokens
DA:105,0
FN:108,Invariants.setUp
FNDA:0,Invariants.setUp
DA:109,0
DA:110,0
DA:111,0
DA:112,0
DA:113,0
DA:114,0
DA:115,0
DA:116,0
FN:120,Invariants.createUsers
FNDA:0,Invariants.createUsers
DA:121,0
DA:122,0
DA:123,0
DA:124,0
FN:128,Invariants.addTargetContract
FNDA:0,Invariants.addTargetContract
DA:129,0
FN:132,Invariants.targetContracts
FNDA:0,Invariants.targetContracts
DA:133,0
BRDA:133,0,0,-
BRDA:133,0,1,-
DA:134,0
FN:137,Invariants._receiptTokenInvariant
FNDA:0,Invariants._receiptTokenInvariant
DA:138,0
BRDA:138,1,0,-
BRDA:138,1,1,-
DA:139,0
DA:140,0
DA:141,0
DA:142,0
BRDA:142,2,0,-
BRDA:142,2,1,-
FN:146,Invariants._rewardInvariant
FNDA:0,Invariants._rewardInvariant
DA:147,0
DA:148,0
DA:149,0
DA:150,0
DA:152,0
DA:153,0
DA:154,0
DA:157,0
DA:158,0
BRDA:158,3,0,-
BRDA:158,3,1,-
FN:161,Invariants._timeUpdateInvariant
FNDA:0,Invariants._timeUpdateInvariant
DA:162,0
DA:163,0
DA:164,0
DA:165,0
BRDA:165,4,0,-
BRDA:165,4,1,-
DA:166,0
DA:171,0
BRDA:171,5,0,-
BRDA:171,5,1,-
DA:172,0
BRDA:172,6,0,-
BRDA:172,6,1,-
DA:173,0
DA:175,0
DA:178,0
BRDA:178,7,0,-
BRDA:178,7,1,-
FN:181,Invariants._virtualBalanceInvariant
FNDA:0,Invariants._virtualBalanceInvariant
DA:182,0
BRDA:182,8,0,-
BRDA:182,8,1,-
DA:183,0
DA:184,0
DA:185,0
DA:186,0
DA:188,0
DA:189,0
BRDA:189,9,0,-
BRDA:189,9,1,-
FN:193,Invariants.invariant_rewards
FNDA:0,Invariants.invariant_rewards
DA:194,0
BRDA:194,10,0,-
BRDA:194,10,1,-
DA:196,0
FN:199,Invariants.invariant_time
FNDA:0,Invariants.invariant_time
DA:200,0
BRDA:200,11,0,-
BRDA:200,11,1,-
DA:202,0
FN:205,Invariants.invariant_receiptToken
FNDA:0,Invariants.invariant_receiptToken
DA:206,0
BRDA:206,12,0,-
BRDA:206,12,1,-
DA:208,0
FN:211,Invariants.invariant_virtualBalance
FNDA:0,Invariants.invariant_virtualBalance
DA:212,0
BRDA:212,13,0,-
BRDA:212,13,1,-
DA:214,0
FNF:24
FNH:0
LF:74
LH:0
BRF:28
BRH:0
end_of_record
TN:
SF:test/utils/LockeTest.t.sol
FN:38,DSTestPlus.colorToString
FNDA:0,DSTestPlus.colorToString
FN:61,DSTestPlus.emit_log
FNDA:0,DSTestPlus.emit_log
DA:62,0
FN:65,DSTestPlus.emit_logs
FNDA:0,DSTestPlus.emit_logs
DA:66,0
FN:69,DSTestPlus.emit_log_address
FNDA:0,DSTestPlus.emit_log_address
DA:70,0
FN:73,DSTestPlus.emit_log_bytes32
FNDA:0,DSTestPlus.emit_log_bytes32
DA:74,0
FN:77,DSTestPlus.emit_log_int
FNDA:0,DSTestPlus.emit_log_int
DA:78,0
FN:81,DSTestPlus.emit_log_uint
FNDA:0,DSTestPlus.emit_log_uint
DA:82,0
FN:85,DSTestPlus.emit_log_bytes
FNDA:0,DSTestPlus.emit_log_bytes
DA:86,0
FN:89,DSTestPlus.emit_log_string
FNDA:0,DSTestPlus.emit_log_string
DA:90,0
FN:93,DSTestPlus.emit_log_named_address
FNDA:0,DSTestPlus.emit_log_named_address
DA:94,0
FN:97,DSTestPlus.emit_log_named_bytes32
FNDA:0,DSTestPlus.emit_log_named_bytes32
DA:98,0
FN:101,DSTestPlus.emit_log_named_decimal_int
FNDA:0,DSTestPlus.emit_log_named_decimal_int
DA:102,0
FN:105,DSTestPlus.emit_log_named_decimal_uint
FNDA:0,DSTestPlus.emit_log_named_decimal_uint
DA:106,0
FN:109,DSTestPlus.emit_log_named_int
FNDA:0,DSTestPlus.emit_log_named_int
DA:110,0
FN:113,DSTestPlus.emit_log_named_uint
FNDA:0,DSTestPlus.emit_log_named_uint
DA:114,0
FN:117,DSTestPlus.emit_log_named_bytes
FNDA:0,DSTestPlus.emit_log_named_bytes
DA:118,0
FN:121,DSTestPlus.emit_log_named_string
FNDA:0,DSTestPlus.emit_log_named_string
DA:122,0
FN:125,DSTestPlus.assertRelApproxEq
FNDA:0,DSTestPlus.assertRelApproxEq
DA:126,0
DA:127,0
BRDA:127,0,0,-
BRDA:127,0,1,-
DA:128,0
DA:131,0
DA:133,0
DA:135,0
BRDA:135,1,0,-
BRDA:135,1,1,-
DA:136,0
DA:137,0
DA:138,0
DA:139,0
DA:140,0
DA:141,0
FN:185,BaseTest.checkState
FNDA:0,BaseTest.checkState
DA:186,0
BRDA:186,0,0,-
BRDA:186,0,1,-
DA:188,0
DA:189,0
DA:190,0
DA:191,0
FN:194,BaseTest.receiptTokenInvariant
FNDA:0,BaseTest.receiptTokenInvariant
DA:195,0
BRDA:195,1,0,-
BRDA:195,1,1,-
DA:196,0
DA:197,0
DA:198,0
DA:199,0
BRDA:199,2,0,-
BRDA:199,2,1,-
FN:203,BaseTest.rewardInvariant
FNDA:0,BaseTest.rewardInvariant
DA:204,0
DA:205,0
DA:206,0
DA:207,0
DA:208,0
DA:209,0
BRDA:209,3,0,-
BRDA:209,3,1,-
FN:212,BaseTest.timeUpdateInvariant
FNDA:0,BaseTest.timeUpdateInvariant
DA:213,0
DA:214,0
DA:215,0
DA:216,0
DA:217,0
DA:220,0
BRDA:220,4,0,-
BRDA:220,4,1,-
DA:221,0
BRDA:221,5,0,-
BRDA:221,5,1,-
DA:222,0
DA:224,0
DA:227,0
BRDA:227,6,0,-
BRDA:227,6,1,-
FN:230,BaseTest.virtualBalanceInvariant
FNDA:0,BaseTest.virtualBalanceInvariant
DA:231,0
BRDA:231,7,0,-
BRDA:231,7,1,-
DA:232,0
DA:233,0
DA:234,0
DA:235,0
DA:236,0
BRDA:236,8,0,-
BRDA:236,8,1,-
FN:240,BaseTest.setupUser
FNDA:0,BaseTest.setupUser
DA:241,0
DA:242,0
DA:243,0
BRDA:243,9,0,-
BRDA:243,9,1,-
DA:244,0
DA:245,0
DA:246,0
FN:250,BaseTest.writeBalanceOf
FNDA:0,BaseTest.writeBalanceOf
DA:251,0
FN:254,BaseTest.createDefaultStream
FNDA:0,BaseTest.createDefaultStream
DA:255,0
FN:267,BaseTest.lockeCall
FNDA:0,BaseTest.lockeCall
DA:268,0
DA:269,0
DA:270,0
BRDA:270,10,0,-
BRDA:270,10,1,-
DA:271,0
DA:273,0
DA:274,0
DA:275,0
FN:278,BaseTest.setupInternal
FNDA:0,BaseTest.setupInternal
DA:279,0
DA:280,0
DA:281,0
DA:282,0
DA:283,0
DA:284,0
DA:285,0
DA:286,0
DA:287,0
DA:288,0
DA:290,0
DA:296,0
DA:297,0
DA:298,0
DA:299,0
DA:300,0
DA:301,0
DA:303,0
DA:305,0
FN:308,BaseTest.streamSetup
FNDA:0,BaseTest.streamSetup
DA:309,0
DA:311,0
DA:321,0
FN:324,BaseTest.merkleStreamSetup
FNDA:0,BaseTest.merkleStreamSetup
DA:325,0
DA:327,0
DA:338,0
FN:341,BaseTest.streamSetupIndefinite
FNDA:0,BaseTest.streamSetupIndefinite
DA:342,0
DA:344,0
DA:355,0
FN:358,BaseTest.tokenA
FNDA:0,BaseTest.tokenA
DA:359,0
DA:360,0
FN:363,BaseTest.tokenAB
FNDA:0,BaseTest.tokenAB
DA:364,0
DA:365,0
DA:366,0
DA:367,0
FN:370,BaseTest.tokenABC
FNDA:0,BaseTest.tokenABC
DA:371,0
DA:372,0
DA:373,0
DA:374,0
DA:375,0
DA:376,0
FNF:34
FNH:0
LF:115
LH:0
BRF:26
BRH:0
end_of_record
