TN:
SF:src/Locke.sol
FN:112,Stream.updateStreamInternal
FNDA:499,Stream.updateStreamInternal
DA:113,499
BRDA:113,0,0,1
BRDA:113,0,1,498
DA:114,1
DA:116,498
DA:121,498
DA:123,498
BRDA:123,1,0,-
BRDA:123,1,1,30
DA:125,313
BRDA:125,2,0,282
BRDA:125,2,1,313
DA:126,282
DA:130,313
DA:133,313
DA:135,313
DA:141,313
DA:143,313
BRDA:143,3,0,-
BRDA:143,3,1,28
DA:147,30
BRDA:147,4,0,-
BRDA:147,4,1,28
DA:152,28
DA:153,28
BRDA:153,5,0,-
BRDA:153,5,1,28
DA:154,0
DA:156,28
DA:158,30
DA:164,313
DA:166,313
BRDA:166,6,0,-
BRDA:166,6,1,30
DA:167,294
BRDA:167,7,0,264
BRDA:167,7,1,30
DA:170,264
DA:176,30
DA:181,313
DA:184,185
BRDA:184,8,0,179
BRDA:184,8,1,185
DA:185,179
FN:257,Stream.tokenAmounts
FNDA:9,Stream.tokenAmounts
DA:258,9
FN:265,Stream.streamParams
FNDA:13,Stream.streamParams
DA:266,13
FN:269,Stream.lastApplicableTime
FNDA:671,Stream.lastApplicableTime
DA:270,671
BRDA:270,9,0,1
BRDA:270,9,1,55
DA:271,56
BRDA:271,10,0,1
BRDA:271,10,1,55
DA:272,1
DA:274,55
DA:277,615
FN:281,Stream.rewardPerToken
FNDA:3,Stream.rewardPerToken
DA:282,477
BRDA:282,11,0,283
BRDA:282,11,1,194
DA:283,283
DA:286,194
DA:295,194
DA:298,194
FN:302,Stream.dilutedBalance
FNDA:490,Stream.dilutedBalance
DA:304,490
DA:308,490
DA:310,490
DA:313,490
FN:316,Stream.getEarned
FNDA:0,Stream.getEarned
DA:317,0
DA:318,0
FN:321,Stream.earned
FNDA:474,Stream.earned
DA:322,474
DA:326,474
DA:331,474
DA:332,474
FN:339,Stream.fundStream
FNDA:163,Stream.fundStream
DA:340,163
BRDA:340,12,0,1
BRDA:340,12,1,162
DA:341,1
DA:343,162
BRDA:343,13,0,1
BRDA:343,13,1,161
DA:344,1
DA:348,161
DA:349,161
DA:350,161
DA:351,161
BRDA:351,14,0,-
BRDA:351,14,1,161
DA:352,0
DA:355,161
DA:359,161
DA:363,161
DA:367,161
DA:369,161
FN:377,Stream.stake
FNDA:462,Stream.stake
DA:378,461
FN:381,Stream._stake
FNDA:464,Stream._stake
DA:382,464
BRDA:382,15,0,1
BRDA:382,15,1,463
DA:383,1
DA:390,463
DA:391,463
DA:392,463
DA:393,463
BRDA:393,16,0,1
BRDA:393,16,1,462
DA:394,1
DA:397,462
DA:401,462
DA:404,462
DA:406,462
DA:407,462
DA:409,462
DA:410,462
DA:411,462
DA:412,462
DA:414,462
BRDA:414,17,0,454
BRDA:414,17,1,462
DA:416,454
DA:419,462
FN:428,Stream.withdraw
FNDA:4,Stream.withdraw
DA:429,4
DA:430,4
BRDA:430,18,0,1
BRDA:430,18,1,3
DA:431,1
DA:433,3
FN:436,Stream._withdraw
FNDA:30,Stream._withdraw
DA:437,30
BRDA:437,19,0,2
BRDA:437,19,1,28
DA:438,2
DA:441,28
DA:443,28
DA:444,28
DA:448,28
BRDA:448,20,0,15
BRDA:448,20,1,13
DA:451,15
DA:452,15
DA:453,15
DA:454,15
DA:456,13
DA:457,13
DA:460,28
DA:465,28
BRDA:465,21,0,-
BRDA:465,21,1,28
DA:466,0
DA:468,28
DA:471,28
BRDA:471,22,0,27
BRDA:471,22,1,28
DA:472,27
DA:476,28
DA:478,28
FN:487,Stream.exit
FNDA:27,Stream.exit
DA:491,27
DA:492,27
DA:493,27
FN:500,Stream.createIncentive
FNDA:6,Stream.createIncentive
DA:501,6
BRDA:501,23,0,1
BRDA:501,23,1,5
DA:502,1
DA:504,5
BRDA:504,24,0,1
BRDA:504,24,1,4
DA:505,1
DA:508,4
DA:509,4
DA:510,4
DA:511,4
BRDA:511,25,0,-
BRDA:511,25,1,4
DA:512,0
DA:515,4
DA:516,4
DA:517,4
BRDA:517,26,0,4
BRDA:517,26,1,4
DA:518,4
DA:520,4
DA:521,4
FN:527,Stream.claimIncentive
FNDA:4,Stream.claimIncentive
DA:529,4
BRDA:529,27,0,1
BRDA:529,27,1,3
DA:530,1
DA:533,3
BRDA:533,28,0,1
BRDA:533,28,1,2
DA:534,1
DA:536,2
DA:537,2
BRDA:537,29,0,1
BRDA:537,29,1,1
DA:538,1
DA:541,1
DA:542,1
DA:543,1
FN:550,Stream.claimDepositTokens
FNDA:152,Stream.claimDepositTokens
DA:551,152
BRDA:551,30,0,1
BRDA:551,30,1,151
DA:552,1
DA:556,151
BRDA:556,31,0,1
BRDA:556,31,1,150
DA:557,1
DA:561,150
BRDA:561,32,0,1
BRDA:561,32,1,149
DA:562,1
DA:566,149
DA:568,149
DA:571,149
DA:573,149
FN:579,Stream.claimReward
FNDA:164,Stream.claimReward
DA:580,164
BRDA:580,33,0,1
BRDA:580,33,1,163
DA:581,1
DA:584,163
DA:585,163
BRDA:585,34,0,2
BRDA:585,34,1,161
DA:586,2
DA:587,2
DA:588,2
DA:590,161
DA:592,161
DA:595,161
DA:601,161
DA:604,161
DA:605,161
BRDA:605,35,0,1
BRDA:605,35,1,161
DA:606,1
DA:609,161
DA:612,163
BRDA:612,36,0,1
BRDA:612,36,1,162
DA:613,1
DA:616,162
DA:619,162
DA:621,162
FN:627,Stream.creatorClaim
FNDA:158,Stream.creatorClaim
DA:629,158
BRDA:629,37,0,1
BRDA:629,37,1,157
DA:630,1
DA:633,157
BRDA:633,38,0,1
BRDA:633,38,1,156
DA:634,1
DA:637,156
BRDA:637,39,0,1
BRDA:637,39,1,155
DA:638,1
DA:641,155
DA:642,155
BRDA:642,40,0,-
BRDA:642,40,1,155
DA:643,0
DA:644,0
DA:648,155
DA:649,155
DA:650,155
DA:651,155
BRDA:651,41,0,4
BRDA:651,41,1,155
DA:652,4
DA:655,155
DA:658,155
BRDA:658,42,0,2
BRDA:658,42,1,155
DA:659,2
DA:660,2
DA:662,2
DA:664,2
FN:682,Stream.recoverTokens
FNDA:444,Stream.recoverTokens
DA:685,444
BRDA:685,43,0,-
BRDA:685,43,1,444
DA:686,0
DA:688,444
BRDA:688,44,0,-
BRDA:688,44,1,147
DA:689,147
BRDA:689,45,0,-
BRDA:689,45,1,147
DA:690,0
DA:694,147
DA:696,147
DA:698,147
DA:699,147
DA:702,297
BRDA:702,46,0,-
BRDA:702,46,1,149
DA:703,150
BRDA:703,47,0,1
BRDA:703,47,1,149
DA:704,1
DA:714,149
DA:715,149
DA:717,149
DA:718,149
DA:721,147
BRDA:721,48,0,-
BRDA:721,48,1,-
DA:722,0
BRDA:722,49,0,-
BRDA:722,49,1,-
DA:723,0
DA:725,0
DA:726,0
DA:727,0
DA:728,0
DA:732,147
DA:733,147
DA:734,147
FN:740,Stream.flashloan
FNDA:2,Stream.flashloan
DA:741,2
BRDA:741,50,0,1
BRDA:741,50,1,1
DA:742,1
DA:745,1
DA:747,1
DA:751,1
DA:753,1
DA:757,1
BRDA:757,51,0,-
BRDA:757,51,1,1
DA:758,0
DA:761,1
FNF:21
FNH:20
LF:220
LH:203
BRF:104
BRH:86
end_of_record
TN:
SF:src/LockeERC20.sol
FN:15,DateTime.toString
FNDA:4,DateTime.toString
DA:16,8
BRDA:16,0,0,4
BRDA:16,0,1,4
DA:17,4
DA:20,4
DA:21,4
DA:23,14
DA:27,10
DA:28,10
DA:33,4
DA:37,4
FN:40,DateTime._monthToString
FNDA:2,DateTime._monthToString
DA:63,2
FN:67,DateTime.daysToDate
FNDA:2,DateTime.daysToDate
DA:68,2
DA:70,2
DA:71,2
DA:72,2
DA:73,2
DA:74,2
DA:75,2
DA:76,2
DA:77,2
DA:78,2
DA:79,2
DA:81,2
FN:171,LockeERC20.transferStartTime
FNDA:2,LockeERC20.transferStartTime
DA:172,2
FN:175,LockeERC20.approve
FNDA:0,LockeERC20.approve
DA:176,0
DA:178,0
DA:180,0
FN:183,LockeERC20.transfer
FNDA:0,LockeERC20.transfer
DA:184,0
DA:189,0
DA:192,0
DA:194,0
FN:197,LockeERC20.transferFrom
FNDA:0,LockeERC20.transferFrom
DA:203,0
BRDA:203,0,0,-
BRDA:203,0,1,-
DA:204,0
DA:207,0
DA:212,0
DA:215,0
DA:217,0
FN:224,LockeERC20.permit
FNDA:0,LockeERC20.permit
DA:228,0
BRDA:228,1,0,-
BRDA:228,1,1,-
DA:233,0
DA:241,0
DA:242,0
BRDA:242,2,0,-
BRDA:242,2,1,-
DA:244,0
DA:247,0
FN:250,LockeERC20.DOMAIN_SEPARATOR
FNDA:0,LockeERC20.DOMAIN_SEPARATOR
DA:251,0
FN:254,LockeERC20.computeDomainSeparator
FNDA:0,LockeERC20.computeDomainSeparator
DA:255,0
FN:270,LockeERC20._mint
FNDA:454,LockeERC20._mint
DA:271,454
DA:276,454
DA:279,454
FN:282,LockeERC20._burn
FNDA:176,LockeERC20._burn
DA:283,176
DA:288,176
DA:291,176
FNF:12
FNH:6
LF:50
LH:29
BRF:8
BRH:2
end_of_record
TN:
SF:src/LockeFactory.sol
FN:44,StreamFactory.createStream
FNDA:6,StreamFactory.createStream
DA:56,6
BRDA:56,0,0,1
BRDA:56,0,1,5
DA:57,1
DA:60,5
BRDA:59,1,0,2
BRDA:59,1,1,3
DA:63,2
DA:66,3
BRDA:65,2,0,2
BRDA:65,2,1,1
DA:69,2
DA:73,1
DA:74,1
DA:75,1
DA:77,1
DA:92,1
DA:96,1
DA:98,1
BRDA:98,3,0,-
BRDA:98,3,1,1
DA:99,0
DA:102,1
DA:104,1
FN:114,StreamFactory.createStream
FNDA:6,StreamFactory.createStream
DA:127,6
BRDA:127,4,0,1
BRDA:127,4,1,5
DA:128,1
DA:131,5
BRDA:130,5,0,2
BRDA:130,5,1,3
DA:134,2
DA:137,3
BRDA:136,6,0,2
BRDA:136,6,1,1
DA:140,2
DA:144,1
DA:146,1
DA:163,1
DA:167,1
DA:170,1
BRDA:170,7,0,-
BRDA:170,7,1,1
DA:171,0
DA:174,1
DA:175,1
DA:176,1
FNF:2
FNH:2
LF:31
LH:29
BRF:16
BRH:14
end_of_record
TN:
SF:src/LockeLens.sol
FN:11,LockeLens.currDepositTokensNotYetStreamed
FNDA:2,LockeLens.currDepositTokensNotYetStreamed
DA:13,2
DA:14,2
DA:15,2
BRDA:15,0,0,-
BRDA:15,0,1,2
DA:16,0
DA:19,2
DA:21,2
BRDA:21,1,0,-
BRDA:21,1,1,2
DA:22,0
DA:25,2
DA:27,2
BRDA:27,2,0,-
BRDA:27,2,1,-
DA:28,0
DA:29,0
DA:31,2
FN:36,LockeLens.lastApplicableTime
FNDA:0,LockeLens.lastApplicableTime
DA:37,0
DA:38,0
BRDA:38,3,0,-
BRDA:38,3,1,-
DA:39,0
BRDA:39,4,0,-
BRDA:39,4,1,-
DA:40,0
DA:42,0
DA:45,0
FN:53,LockeLens.rewardsRemainingToAllocate
FNDA:0,LockeLens.rewardsRemainingToAllocate
DA:54,0
DA:55,0
DA:56,0
DA:58,0
DA:60,0
BRDA:60,5,0,-
BRDA:60,5,1,-
DA:61,0
DA:63,0
BRDA:63,6,0,-
BRDA:63,6,1,-
DA:64,0
DA:67,0
FN:74,LockeLens.currUnstreamed
FNDA:9,LockeLens.currUnstreamed
DA:75,9
DA:76,9
DA:78,9
BRDA:78,7,0,5
BRDA:78,7,1,4
DA:79,5
DA:82,4
DA:83,4
BRDA:83,8,0,-
BRDA:83,8,1,4
DA:84,0
DA:87,4
DA:88,4
DA:89,4
FNF:4
FNH:2
LF:37
LH:17
BRF:18
BRH:5
end_of_record
TN:
SF:src/MerkleLocke.sol
FN:9,MerkleProof.verify
FNDA:0,MerkleProof.verify
DA:10,0
FN:13,MerkleProof.processProof
FNDA:0,MerkleProof.processProof
DA:14,0
DA:15,0
DA:16,0
DA:17,0
BRDA:17,0,0,-
BRDA:17,0,1,-
DA:19,0
DA:22,0
DA:25,0
FN:28,MerkleProof._efficientHash
FNDA:0,MerkleProof._efficientHash
DA:32,0
FN:67,MerkleStream.stake
FNDA:3,MerkleStream.stake
DA:68,3
BRDA:68,0,0,1
BRDA:68,0,1,2
DA:69,1
DA:71,2
DA:72,2
FN:75,MerkleStream.stake
FNDA:1,MerkleStream.stake
DA:76,1
BRDA:76,1,0,-
BRDA:76,1,1,1
DA:77,0
DA:79,1
FNF:5
FNH:2
LF:16
LH:6
BRF:6
BRH:3
end_of_record
TN:
SF:src/SharedState.sol
FN:17,SharedState.underlying
FNDA:2,SharedState.underlying
DA:18,2
FN:21,SharedState.maturity
FNDA:3,SharedState.maturity
DA:22,3
FNF:2
FNH:2
LF:2
LH:2
BRF:0
BRH:0
end_of_record
TN:
SF:src/test/utils/LockeTest.sol
FN:38,DSTestPlus.colorToString
FNDA:0,DSTestPlus.colorToString
FN:61,DSTestPlus.emit_log
FNDA:0,DSTestPlus.emit_log
DA:62,0
FN:65,DSTestPlus.emit_logs
FNDA:0,DSTestPlus.emit_logs
DA:66,0
FN:69,DSTestPlus.emit_log_address
FNDA:0,DSTestPlus.emit_log_address
DA:70,0
FN:73,DSTestPlus.emit_log_bytes32
FNDA:0,DSTestPlus.emit_log_bytes32
DA:74,0
FN:77,DSTestPlus.emit_log_int
FNDA:0,DSTestPlus.emit_log_int
DA:78,0
FN:81,DSTestPlus.emit_log_uint
FNDA:0,DSTestPlus.emit_log_uint
DA:82,0
FN:85,DSTestPlus.emit_log_bytes
FNDA:0,DSTestPlus.emit_log_bytes
DA:86,0
FN:89,DSTestPlus.emit_log_string
FNDA:0,DSTestPlus.emit_log_string
DA:90,0
FN:93,DSTestPlus.emit_log_named_address
FNDA:0,DSTestPlus.emit_log_named_address
DA:94,0
FN:97,DSTestPlus.emit_log_named_bytes32
FNDA:0,DSTestPlus.emit_log_named_bytes32
DA:98,0
FN:101,DSTestPlus.emit_log_named_decimal_int
FNDA:0,DSTestPlus.emit_log_named_decimal_int
DA:102,0
FN:105,DSTestPlus.emit_log_named_decimal_uint
FNDA:0,DSTestPlus.emit_log_named_decimal_uint
DA:106,0
FN:109,DSTestPlus.emit_log_named_int
FNDA:0,DSTestPlus.emit_log_named_int
DA:110,0
FN:113,DSTestPlus.emit_log_named_uint
FNDA:0,DSTestPlus.emit_log_named_uint
DA:114,0
FN:117,DSTestPlus.emit_log_named_bytes
FNDA:0,DSTestPlus.emit_log_named_bytes
DA:118,0
FN:121,DSTestPlus.emit_log_named_string
FNDA:0,DSTestPlus.emit_log_named_string
DA:122,0
FN:125,DSTestPlus.assertRelApproxEq
FNDA:0,DSTestPlus.assertRelApproxEq
DA:126,0
DA:127,0
BRDA:127,0,0,-
BRDA:127,0,1,-
DA:128,0
DA:131,0
DA:133,0
DA:135,0
BRDA:135,1,0,-
BRDA:135,1,1,-
DA:136,0
DA:137,0
DA:138,0
DA:139,0
DA:140,0
DA:141,0
FN:185,BaseTest.checkState
FNDA:0,BaseTest.checkState
DA:187,0
DA:188,0
DA:189,0
DA:190,0
DA:191,0
DA:192,0
BRDA:192,0,0,-
BRDA:192,0,1,-
DA:193,0
DA:195,0
BRDA:195,1,0,-
BRDA:195,1,1,-
DA:198,0
BRDA:198,2,0,-
BRDA:198,2,1,-
DA:199,0
DA:201,0
BRDA:201,3,0,-
BRDA:201,3,1,-
FN:204,BaseTest.setupUser
FNDA:0,BaseTest.setupUser
DA:205,0
DA:206,0
DA:207,0
BRDA:207,4,0,-
BRDA:207,4,1,-
DA:208,0
DA:209,0
DA:210,0
FN:214,BaseTest.writeBalanceOf
FNDA:0,BaseTest.writeBalanceOf
DA:215,0
FN:218,BaseTest.createDefaultStream
FNDA:0,BaseTest.createDefaultStream
DA:219,0
FN:231,BaseTest.lockeCall
FNDA:0,BaseTest.lockeCall
DA:232,0
DA:233,0
DA:234,0
BRDA:234,5,0,-
BRDA:234,5,1,-
DA:235,0
DA:237,0
DA:238,0
DA:239,0
FN:242,BaseTest.setupInternal
FNDA:0,BaseTest.setupInternal
DA:243,0
DA:244,0
DA:245,0
DA:246,0
DA:247,0
DA:248,0
DA:249,0
DA:250,0
DA:251,0
DA:252,0
DA:254,0
DA:260,0
DA:261,0
DA:262,0
DA:263,0
DA:264,0
DA:265,0
DA:267,0
DA:269,0
FN:272,BaseTest.streamSetup
FNDA:0,BaseTest.streamSetup
DA:273,0
DA:275,0
DA:285,0
FN:288,BaseTest.merkleStreamSetup
FNDA:0,BaseTest.merkleStreamSetup
DA:289,0
DA:291,0
DA:302,0
FN:305,BaseTest.streamSetupIndefinite
FNDA:0,BaseTest.streamSetupIndefinite
DA:306,0
DA:308,0
DA:319,0
FN:322,BaseTest.tokenA
FNDA:0,BaseTest.tokenA
DA:323,0
DA:324,0
FN:327,BaseTest.tokenAB
FNDA:0,BaseTest.tokenAB
DA:328,0
DA:329,0
DA:330,0
DA:331,0
FN:334,BaseTest.tokenABC
FNDA:0,BaseTest.tokenABC
DA:335,0
DA:336,0
DA:337,0
DA:338,0
DA:339,0
DA:340,0
FNF:30
FNH:0
LF:94
LH:0
BRF:16
BRH:0
end_of_record
